Using pre-set license
Built from '2020.3/staging' branch; Version is '2020.3.20f1 (41c4e627c95f) revision 4310246'; Using compiler version '192528614'; Build Type 'Release'
OS: 'Windows 10 Home Single Language; OS build 19043.1348; Version 2009; 64bit' Language: 'es' Physical Memory: 8034 MB
BatchMode: 1, IsHumanControllingUs: 0, StartBugReporterOnCrash: 0, Is64bit: 1, IsPro: 0

COMMAND LINE ARGUMENTS:
C:\Program Files\Unity\Hub\Editor\2020.3.20f1\Editor\Unity.exe
-adb2
-batchMode
-noUpm
-name
AssetImportWorker0
-projectPath
C:/Users/Alex_/Documents/Unity/PruebaMovimientoKaruta
-logFile
Logs/AssetImportWorker0.log
-srvPort
9010
Successfully changed project path to: C:/Users/Alex_/Documents/Unity/PruebaMovimientoKaruta
C:/Users/Alex_/Documents/Unity/PruebaMovimientoKaruta
Using Asset Import Pipeline V2.
Refreshing native plugins compatible for Editor in 52.37 ms, found 3 plugins.
Preloading 0 native plugins for Editor in 0.00 ms.
Initialize engine version: 2020.3.20f1 (41c4e627c95f)
[Subsystems] Discovering subsystems at path C:/Program Files/Unity/Hub/Editor/2020.3.20f1/Editor/Data/Resources/UnitySubsystems
[Subsystems] Discovering subsystems at path C:/Users/Alex_/Documents/Unity/PruebaMovimientoKaruta/Assets
GfxDevice: creating device client; threaded=0
Direct3D:
    Version:  Direct3D 11.0 [level 11.1]
    Renderer: NVIDIA GeForce GTX 1050 (ID=0x1c8d)
    Vendor:   
    VRAM:     4019 MB
    Driver:   27.21.14.5206
Initialize mono
Mono path[0] = 'C:/Program Files/Unity/Hub/Editor/2020.3.20f1/Editor/Data/Managed'
Mono path[1] = 'C:/Program Files/Unity/Hub/Editor/2020.3.20f1/Editor/Data/MonoBleedingEdge/lib/mono/unityjit'
Mono config path = 'C:/Program Files/Unity/Hub/Editor/2020.3.20f1/Editor/Data/MonoBleedingEdge/etc'
Using monoOptions --debugger-agent=transport=dt_socket,embedding=1,server=y,suspend=n,address=127.0.0.1:56768
Begin MonoManager ReloadAssembly
Registering precompiled unity dll's ...
Register platform support module: C:/Program Files/Unity/Hub/Editor/2020.3.20f1/Editor/Data/PlaybackEngines/WindowsStandaloneSupport/UnityEditor.WindowsStandalone.Extensions.dll
Registered in 0.002457 seconds.
Native extension for WindowsStandalone target not found
Refreshing native plugins compatible for Editor in 46.27 ms, found 3 plugins.
Preloading 0 native plugins for Editor in 0.00 ms.
Mono: successfully reloaded assembly
- Completed reload, in  2.571 seconds
Domain Reload Profiling:
	ReloadAssembly (2571ms)
		BeginReloadAssembly (62ms)
			ExecutionOrderSort (0ms)
			DisableScriptedObjects (0ms)
			BackupInstance (0ms)
			ReleaseScriptingObjects (0ms)
			CreateAndSetChildDomain (1ms)
		EndReloadAssembly (459ms)
			LoadAssemblies (59ms)
			RebuildTransferFunctionScriptingTraits (0ms)
			SetupTypeCache (165ms)
			ReleaseScriptCaches (0ms)
			RebuildScriptCaches (34ms)
			SetupLoadedEditorAssemblies (179ms)
				LogAssemblyErrors (0ms)
				InitializePlatformSupportModulesInManaged (7ms)
				SetLoadedEditorAssemblies (0ms)
				RefreshPlugins (46ms)
				BeforeProcessingInitializeOnLoad (8ms)
				ProcessInitializeOnLoadAttributes (87ms)
				ProcessInitializeOnLoadMethodAttributes (31ms)
				AfterProcessingInitializeOnLoad (0ms)
				EditorAssembliesLoaded (0ms)
			ExecutionOrderSort2 (0ms)
			AwakeInstancesAfterBackupRestoration (0ms)
Platform modules already initialized, skipping
Registering precompiled user dll's ...
Registered in 0.004163 seconds.
Begin MonoManager ReloadAssembly
Native extension for WindowsStandalone target not found
Refreshing native plugins compatible for Editor in 47.14 ms, found 3 plugins.
Preloading 0 native plugins for Editor in 0.00 ms.
Mono: successfully reloaded assembly
- Completed reload, in  1.140 seconds
Domain Reload Profiling:
	ReloadAssembly (1141ms)
		BeginReloadAssembly (151ms)
			ExecutionOrderSort (0ms)
			DisableScriptedObjects (7ms)
			BackupInstance (0ms)
			ReleaseScriptingObjects (0ms)
			CreateAndSetChildDomain (18ms)
		EndReloadAssembly (923ms)
			LoadAssemblies (101ms)
			RebuildTransferFunctionScriptingTraits (0ms)
			SetupTypeCache (285ms)
			ReleaseScriptCaches (0ms)
			RebuildScriptCaches (49ms)
			SetupLoadedEditorAssemblies (367ms)
				LogAssemblyErrors (0ms)
				InitializePlatformSupportModulesInManaged (4ms)
				SetLoadedEditorAssemblies (0ms)
				RefreshPlugins (47ms)
				BeforeProcessingInitializeOnLoad (74ms)
				ProcessInitializeOnLoadAttributes (215ms)
				ProcessInitializeOnLoadMethodAttributes (19ms)
				AfterProcessingInitializeOnLoad (8ms)
				EditorAssembliesLoaded (0ms)
			ExecutionOrderSort2 (0ms)
			AwakeInstancesAfterBackupRestoration (7ms)
Platform modules already initialized, skipping
========================================================================
Worker process is ready to serve import requests
Launched and connected shader compiler UnityShaderCompiler.exe after 0.23 seconds
Refreshing native plugins compatible for Editor in 0.41 ms, found 3 plugins.
Preloading 0 native plugins for Editor in 0.00 ms.
Unloading 2098 Unused Serialized files (Serialized files now loaded: 0)
System memory in use before: 93.4 MB.
System memory in use after: 93.5 MB.

Unloading 26 unused Assets to reduce memory usage. Loaded Objects now: 2539.
Total: 3.136400 ms (FindLiveObjects: 0.199800 ms CreateObjectMapping: 0.066800 ms MarkObjects: 2.804300 ms  DeleteObjects: 0.064500 ms)

AssetImportParameters requested are different than current active one (requested -> active):
  custom:framework-win-MediaFoundation: 216162199b28c13a410421893ffa2e32 -> 
  custom:video-decoder-ogg-theora: a1e56fd34408186e4bbccfd4996cb3dc -> 
  custom:container-muxer-webm: aa71ff27fc2769a1b78a27578f13a17b -> 
  custom:container-demuxer-webm: 4f35f7cbe854078d1ac9338744f61a02 -> 
  custom:container-demuxer-ogg: 62fdf1f143b41e24485cea50d1cbac27 -> 
  custom:video-encoder-webm-vp8: eb34c28f22e8b96e1ab97ce403110664 -> 
  custom:video-decoder-webm-vp8: 9c59270c3fd7afecdb556c50c9e8de78 -> 
  custom:audio-decoder-ogg-vorbis: bf7c407c2cedff20999df2af8eb42d56 -> 
  custom:audio-encoder-webm-vorbis: bf7c407c2cedff20999df2af8eb42d56 -> 
========================================================================
Received Import Request.
  path: Assets/Scripts/LevelLoader.cs
  artifactKey: Guid(98df921bf364d204782a32afee443b97) Importer(815301076,1909f56bfc062723c751e8b465ee728b)
Start importing Assets/Scripts/LevelLoader.cs using Guid(98df921bf364d204782a32afee443b97) Importer(815301076,1909f56bfc062723c751e8b465ee728b)  -> (artifact id: 'a41538e5f0cd7e62320f8e18d7965f0a') in 0.131297 seconds 
  Import took 0.157832 seconds .

========================================================================
Received Import Request.
  Time since last request: 0.007589 seconds.
  path: Assets/Animation/Prota.controller
  artifactKey: Guid(2ddb8fb706fd4da499571d01e7c9c741) Importer(815301076,1909f56bfc062723c751e8b465ee728b)
Start importing Assets/Animation/Prota.controller using Guid(2ddb8fb706fd4da499571d01e7c9c741) Importer(815301076,1909f56bfc062723c751e8b465ee728b)  -> (artifact id: '8431edbb10f764ba91bfa7d86b79935f') in 0.036970 seconds 
  Import took 0.073245 seconds .

========================================================================
Received Import Request.
  Time since last request: 0.033924 seconds.
  path: Assets/Scripts/BattleLoader.cs
  artifactKey: Guid(9e5be08a5aac94e439d521086d959fe2) Importer(815301076,1909f56bfc062723c751e8b465ee728b)
Start importing Assets/Scripts/BattleLoader.cs using Guid(9e5be08a5aac94e439d521086d959fe2) Importer(815301076,1909f56bfc062723c751e8b465ee728b)  -> (artifact id: '9d70feddb98b5f4ebf13a57ea651faa4') in 0.007169 seconds 
  Import took 0.042232 seconds .

========================================================================
Received Import Request.
  Time since last request: 0.008370 seconds.
  path: Assets/Animation/Prota_Walk_Up.anim
  artifactKey: Guid(c43c17d24ecb14a49b9db723e6685b48) Importer(815301076,1909f56bfc062723c751e8b465ee728b)
Start importing Assets/Animation/Prota_Walk_Up.anim using Guid(c43c17d24ecb14a49b9db723e6685b48) Importer(815301076,1909f56bfc062723c751e8b465ee728b)  -> (artifact id: '420def985f94348c53df5fdc1db2212e') in 0.009590 seconds 
  Import took 0.034239 seconds .

========================================================================
Received Import Request.
  Time since last request: 0.284579 seconds.
  path: Assets/Animation/CrossFade_End.anim
  artifactKey: Guid(49d0496e96366054fbd3ba6ff6402189) Importer(815301076,1909f56bfc062723c751e8b465ee728b)
Start importing Assets/Animation/CrossFade_End.anim using Guid(49d0496e96366054fbd3ba6ff6402189) Importer(815301076,1909f56bfc062723c751e8b465ee728b)  -> (artifact id: 'a01d9e540b85261278784fdcca2426bf') in 0.009092 seconds 
  Import took 0.048915 seconds .

========================================================================
Received Import Request.
  Time since last request: 0.230779 seconds.
  path: Assets/Animation/Prota_Walk_Left.anim
  artifactKey: Guid(11d887bd87f017d4ca6bfaefc32eadfc) Importer(815301076,1909f56bfc062723c751e8b465ee728b)
Start importing Assets/Animation/Prota_Walk_Left.anim using Guid(11d887bd87f017d4ca6bfaefc32eadfc) Importer(815301076,1909f56bfc062723c751e8b465ee728b)  -> (artifact id: '8cbf2a7608ddb1799890d7be8471e678') in 0.007537 seconds 
  Import took 0.011169 seconds .

========================================================================
Received Import Request.
  Time since last request: 0.110786 seconds.
  path: Assets/Animation/WonejoAnim/WalkingFront.anim
  artifactKey: Guid(55dc51530681eb0458a6887267fd96be) Importer(815301076,1909f56bfc062723c751e8b465ee728b)
Start importing Assets/Animation/WonejoAnim/WalkingFront.anim using Guid(55dc51530681eb0458a6887267fd96be) Importer(815301076,1909f56bfc062723c751e8b465ee728b)  -> (artifact id: '5530c3a9aa69b108ca526ca434d63238') in 0.008468 seconds 
  Import took 0.045242 seconds .

========================================================================
Received Import Request.
  Time since last request: 0.020185 seconds.
  path: Assets/Animation/CrossFade_Start.anim
  artifactKey: Guid(c727bfe08501f3b4195b24db922172a5) Importer(815301076,1909f56bfc062723c751e8b465ee728b)
Start importing Assets/Animation/CrossFade_Start.anim using Guid(c727bfe08501f3b4195b24db922172a5) Importer(815301076,1909f56bfc062723c751e8b465ee728b)  -> (artifact id: 'f84f81b9ab54579018d11de300f5fee9') in 0.010954 seconds 
  Import took 0.079314 seconds .

========================================================================
Received Import Request.
  Time since last request: 0.215946 seconds.
  path: Assets/Animation/Prota_Walk_Down.anim
  artifactKey: Guid(5e27d9772a5feb947b4536dc47ee7aac) Importer(815301076,1909f56bfc062723c751e8b465ee728b)
Start importing Assets/Animation/Prota_Walk_Down.anim using Guid(5e27d9772a5feb947b4536dc47ee7aac) Importer(815301076,1909f56bfc062723c751e8b465ee728b)  -> (artifact id: '24bc5cd5241cf6fd68769a6b73620849') in 0.006983 seconds 
  Import took 0.055828 seconds .

========================================================================
Received Import Request.
  Time since last request: 0.007302 seconds.
  path: Assets/Animation/WonejoAnim/Wonejo.controller
  artifactKey: Guid(38ac43e3d834d3a4bad49d087ca3f26b) Importer(815301076,1909f56bfc062723c751e8b465ee728b)
Start importing Assets/Animation/WonejoAnim/Wonejo.controller using Guid(38ac43e3d834d3a4bad49d087ca3f26b) Importer(815301076,1909f56bfc062723c751e8b465ee728b)  -> (artifact id: 'e0dd955688605ce6b7f66870adc04198') in 0.007525 seconds 
  Import took 0.034101 seconds .

========================================================================
Received Import Request.
  Time since last request: 0.227395 seconds.
  path: Assets/Animation/WonejoAnim/WalkingBack.anim
  artifactKey: Guid(d9ad75adf8c48c744b0acaf88033db56) Importer(815301076,1909f56bfc062723c751e8b465ee728b)
Start importing Assets/Animation/WonejoAnim/WalkingBack.anim using Guid(d9ad75adf8c48c744b0acaf88033db56) Importer(815301076,1909f56bfc062723c751e8b465ee728b)  -> (artifact id: 'b13df527004680c8fce29235ca25c81a') in 0.006780 seconds 
  Import took 0.024001 seconds .

========================================================================
Received Import Request.
  Time since last request: 0.080376 seconds.
  path: Assets/Animation/Prota_Walk_Right.anim
  artifactKey: Guid(c75bc7ee2e41edf49812b2cecc9d8045) Importer(815301076,1909f56bfc062723c751e8b465ee728b)
Start importing Assets/Animation/Prota_Walk_Right.anim using Guid(c75bc7ee2e41edf49812b2cecc9d8045) Importer(815301076,1909f56bfc062723c751e8b465ee728b)  -> (artifact id: '0bb53d7009a0d8dbf7f6adfb340f8592') in 0.007551 seconds 
  Import took 0.043210 seconds .

========================================================================
Received Import Request.
  Time since last request: 1.987987 seconds.
  path: Assets/Scenes/SampleScene.unity
  artifactKey: Guid(2cda990e2423bbf4892e6590ba056729) Importer(815301076,1909f56bfc062723c751e8b465ee728b)
Start importing Assets/Scenes/SampleScene.unity using Guid(2cda990e2423bbf4892e6590ba056729) Importer(815301076,1909f56bfc062723c751e8b465ee728b)  -> (artifact id: '98e8315e6a2a49607596bcb30240c0c9') in 0.007498 seconds 
  Import took 0.078184 seconds .

========================================================================
Received Import Request.
  Time since last request: 0.006194 seconds.
  path: Assets/Sprites/Conejo
  artifactKey: Guid(334de5694d824484493353c8537b4422) Importer(815301076,1909f56bfc062723c751e8b465ee728b)
Start importing Assets/Sprites/Conejo using Guid(334de5694d824484493353c8537b4422) Importer(815301076,1909f56bfc062723c751e8b465ee728b)  -> (artifact id: '8a230dc9783059035324f6f408e57b35') in 0.006865 seconds 
  Import took 0.014346 seconds .

========================================================================
Received Import Request.
  Time since last request: 0.007309 seconds.
  path: Assets/Animation/Prota_Idle.anim
  artifactKey: Guid(fe1049de286094640bf9bac02dea015a) Importer(815301076,1909f56bfc062723c751e8b465ee728b)
Start importing Assets/Animation/Prota_Idle.anim using Guid(fe1049de286094640bf9bac02dea015a) Importer(815301076,1909f56bfc062723c751e8b465ee728b)  -> (artifact id: 'e950e91c3e1f88fd4259d838e4c8d47f') in 0.007548 seconds 
  Import took 0.056791 seconds .

========================================================================
Received Import Request.
  Time since last request: 0.550252 seconds.
  path: Assets/Scripts/PlayerSpawner.cs
  artifactKey: Guid(d253827144933274592e51e0a345f967) Importer(815301076,1909f56bfc062723c751e8b465ee728b)
Start importing Assets/Scripts/PlayerSpawner.cs using Guid(d253827144933274592e51e0a345f967) Importer(815301076,1909f56bfc062723c751e8b465ee728b)  -> (artifact id: '5684f8f5f89e1b49ff0965266ac5d947') in 0.009905 seconds 
  Import took 0.044045 seconds .

========================================================================
Received Import Request.
  Time since last request: 0.578309 seconds.
  path: Assets/Sprites/Prota
  artifactKey: Guid(eab14262d90ca1843b5fcc0a3c8584ec) Importer(815301076,1909f56bfc062723c751e8b465ee728b)
Start importing Assets/Sprites/Prota using Guid(eab14262d90ca1843b5fcc0a3c8584ec) Importer(815301076,1909f56bfc062723c751e8b465ee728b)  -> (artifact id: '44f339c36c7d4ec792bc7c83b46a053b') in 0.048161 seconds 
  Import took 0.095228 seconds .

AssetImportWorkerClient::OnTransportError - code=2 error=End of file
